<?xml version="1.0" encoding="UTF-8"?>
<coverage generated="1673701518">
  <project timestamp="1673701518">
    <file name="/app/src/CountryFactory.php">
      <class name="rocketfellows\ISOStandard3166Factory\CountryFactory" namespace="global">
        <metrics complexity="11" methods="3" coveredmethods="1" conditionals="0" coveredconditionals="0" statements="20" coveredstatements="18" elements="23" coveredelements="19"/>
      </class>
      <line num="22" type="method" name="createByCode" visibility="public" complexity="2" crap="2.01" count="11"/>
      <line num="24" type="stmt" count="11"/>
      <line num="26" type="stmt" count="7"/>
      <line num="27" type="stmt" count="7"/>
      <line num="28" type="stmt" count="7"/>
      <line num="29" type="stmt" count="4"/>
      <line num="31" type="stmt" count="7"/>
      <line num="32" type="stmt" count="0"/>
      <line num="35" type="stmt" count="7"/>
      <line num="42" type="method" name="createByName" visibility="public" complexity="4" crap="4.03" count="8"/>
      <line num="44" type="stmt" count="8"/>
      <line num="45" type="stmt" count="1"/>
      <line num="48" type="stmt" count="7"/>
      <line num="49" type="stmt" count="2"/>
      <line num="52" type="stmt" count="5"/>
      <line num="54" type="stmt" count="5"/>
      <line num="55" type="stmt" count="0"/>
      <line num="58" type="stmt" count="5"/>
      <line num="65" type="method" name="validateCode" visibility="private" complexity="5" crap="5" count="11"/>
      <line num="67" type="stmt" count="11"/>
      <line num="68" type="stmt" count="1"/>
      <line num="71" type="stmt" count="10"/>
      <line num="72" type="stmt" count="3"/>
      <metrics loc="76" ncloc="64" classes="1" methods="3" coveredmethods="1" conditionals="0" coveredconditionals="0" statements="20" coveredstatements="18" elements="23" coveredelements="19"/>
    </file>
    <file name="/app/src/exceptions/CountryFactoryException.php">
      <class name="rocketfellows\ISOStandard3166Factory\exceptions\CountryFactoryException" namespace="global">
        <metrics complexity="0" methods="0" coveredmethods="0" conditionals="0" coveredconditionals="0" statements="0" coveredstatements="0" elements="0" coveredelements="0"/>
      </class>
      <metrics loc="10" ncloc="10" classes="0" methods="0" coveredmethods="0" conditionals="0" coveredconditionals="0" statements="0" coveredstatements="0" elements="0" coveredelements="0"/>
    </file>
    <file name="/app/src/exceptions/EmptyCountryCodeException.php">
      <class name="rocketfellows\ISOStandard3166Factory\exceptions\EmptyCountryCodeException" namespace="global">
        <metrics complexity="0" methods="0" coveredmethods="0" conditionals="0" coveredconditionals="0" statements="0" coveredstatements="0" elements="0" coveredelements="0"/>
      </class>
      <metrics loc="8" ncloc="8" classes="0" methods="0" coveredmethods="0" conditionals="0" coveredconditionals="0" statements="0" coveredstatements="0" elements="0" coveredelements="0"/>
    </file>
    <file name="/app/src/exceptions/EmptyCountryNameException.php">
      <class name="rocketfellows\ISOStandard3166Factory\exceptions\EmptyCountryNameException" namespace="global">
        <metrics complexity="0" methods="0" coveredmethods="0" conditionals="0" coveredconditionals="0" statements="0" coveredstatements="0" elements="0" coveredelements="0"/>
      </class>
      <metrics loc="8" ncloc="8" classes="0" methods="0" coveredmethods="0" conditionals="0" coveredconditionals="0" statements="0" coveredstatements="0" elements="0" coveredelements="0"/>
    </file>
    <file name="/app/src/exceptions/UnknownCountryCodeException.php">
      <class name="rocketfellows\ISOStandard3166Factory\exceptions\UnknownCountryCodeException" namespace="global">
        <metrics complexity="0" methods="0" coveredmethods="0" conditionals="0" coveredconditionals="0" statements="0" coveredstatements="0" elements="0" coveredelements="0"/>
      </class>
      <metrics loc="8" ncloc="8" classes="0" methods="0" coveredmethods="0" conditionals="0" coveredconditionals="0" statements="0" coveredstatements="0" elements="0" coveredelements="0"/>
    </file>
    <file name="/app/src/exceptions/UnknownCountryNameException.php">
      <class name="rocketfellows\ISOStandard3166Factory\exceptions\UnknownCountryNameException" namespace="global">
        <metrics complexity="0" methods="0" coveredmethods="0" conditionals="0" coveredconditionals="0" statements="0" coveredstatements="0" elements="0" coveredelements="0"/>
      </class>
      <metrics loc="8" ncloc="8" classes="0" methods="0" coveredmethods="0" conditionals="0" coveredconditionals="0" statements="0" coveredstatements="0" elements="0" coveredelements="0"/>
    </file>
    <metrics files="6" loc="118" ncloc="106" classes="1" methods="3" coveredmethods="1" conditionals="0" coveredconditionals="0" statements="20" coveredstatements="18" elements="23" coveredelements="19"/>
  </project>
</coverage>
